Determining if the pthread_create exist failed with the following output:
Change Dir: /home/zack/rob421/Marco_Polo_Sphero/ws/build/CMakeFiles/CMakeTmp

Run Build Command:"/usr/bin/make" "cmTC_dd013/fast"
/usr/bin/make -f CMakeFiles/cmTC_dd013.dir/build.make CMakeFiles/cmTC_dd013.dir/build
make[1]: Entering directory '/home/zack/rob421/Marco_Polo_Sphero/ws/build/CMakeFiles/CMakeTmp'
Building C object CMakeFiles/cmTC_dd013.dir/CheckSymbolExists.c.o
/usr/bin/cc    -o CMakeFiles/cmTC_dd013.dir/CheckSymbolExists.c.o   -c /home/zack/rob421/Marco_Polo_Sphero/ws/build/CMakeFiles/CMakeTmp/CheckSymbolExists.c
Linking C executable cmTC_dd013
/usr/bin/cmake -E cmake_link_script CMakeFiles/cmTC_dd013.dir/link.txt --verbose=1
/usr/bin/cc      -rdynamic CMakeFiles/cmTC_dd013.dir/CheckSymbolExists.c.o  -o cmTC_dd013 
CMakeFiles/cmTC_dd013.dir/CheckSymbolExists.c.o: In function `main':
CheckSymbolExists.c:(.text+0x1b): undefined reference to `pthread_create'
collect2: error: ld returned 1 exit status
CMakeFiles/cmTC_dd013.dir/build.make:97: recipe for target 'cmTC_dd013' failed
make[1]: *** [cmTC_dd013] Error 1
make[1]: Leaving directory '/home/zack/rob421/Marco_Polo_Sphero/ws/build/CMakeFiles/CMakeTmp'
Makefile:126: recipe for target 'cmTC_dd013/fast' failed
make: *** [cmTC_dd013/fast] Error 2

File /home/zack/rob421/Marco_Polo_Sphero/ws/build/CMakeFiles/CMakeTmp/CheckSymbolExists.c:
/* */
#include <pthread.h>

int main(int argc, char** argv)
{
  (void)argv;
#ifndef pthread_create
  return ((int*)(&pthread_create))[argc];
#else
  (void)argc;
  return 0;
#endif
}

Determining if the function pthread_create exists in the pthreads failed with the following output:
Change Dir: /home/zack/rob421/Marco_Polo_Sphero/ws/build/CMakeFiles/CMakeTmp

Run Build Command:"/usr/bin/make" "cmTC_ddd3e/fast"
/usr/bin/make -f CMakeFiles/cmTC_ddd3e.dir/build.make CMakeFiles/cmTC_ddd3e.dir/build
make[1]: Entering directory '/home/zack/rob421/Marco_Polo_Sphero/ws/build/CMakeFiles/CMakeTmp'
Building C object CMakeFiles/cmTC_ddd3e.dir/CheckFunctionExists.c.o
/usr/bin/cc   -DCHECK_FUNCTION_EXISTS=pthread_create   -o CMakeFiles/cmTC_ddd3e.dir/CheckFunctionExists.c.o   -c /usr/share/cmake-3.10/Modules/CheckFunctionExists.c
Linking C executable cmTC_ddd3e
/usr/bin/cmake -E cmake_link_script CMakeFiles/cmTC_ddd3e.dir/link.txt --verbose=1
/usr/bin/cc  -DCHECK_FUNCTION_EXISTS=pthread_create    -rdynamic CMakeFiles/cmTC_ddd3e.dir/CheckFunctionExists.c.o  -o cmTC_ddd3e -lpthreads 
/usr/bin/ld: cannot find -lpthreads
collect2: error: ld returned 1 exit status
CMakeFiles/cmTC_ddd3e.dir/build.make:97: recipe for target 'cmTC_ddd3e' failed
make[1]: *** [cmTC_ddd3e] Error 1
make[1]: Leaving directory '/home/zack/rob421/Marco_Polo_Sphero/ws/build/CMakeFiles/CMakeTmp'
Makefile:126: recipe for target 'cmTC_ddd3e/fast' failed
make: *** [cmTC_ddd3e/fast] Error 2


